5
1 2 0 0
1 1 2 1
-1 1 2 0
2 1 0 1
-6 1 0 0
3
6 2 2 2
-4 1 1 1
8 1 0 1
5
10 1 2 2
-2 1 0 2
-3 0 2 2
4 0 2 1
-5 0 1 0
1
-2 1 1 2
1
4 0 1 1
1
4 2 2 4
1
16 0 2 2
6
1 1 2 1
-1 1 2 0
2 1 0 1
-6 1 0 0
1 2 0 0
2 1 1 2
20
10 3 2 2
-2 3 0 2
-61 2 2 2
4 2 2 1
-5 2 1 0
10 2 4 3
18 2 2 3
-3 1 4 3
7 1 4 2
-5 1 3 1
-10 2 4 2
-4 1 4 1
5 1 3 0
-4 2 0 3
-6 1 2 3
26 1 2 2
-10 1 1 1
12 2 0 2
-24 1 2 1
30 1 1 0
6
-2 1 0 2
-3 0 2 2
4 0 2 1
-5 0 1 0
10 1 2 2
2 1 1 2
1
1 2 2 0
5
8 2 2 0
1 1 2 0
3 1 0 2
-4 0 2 2
-8 0 1 1
25
-2 3 0 2
-61 2 2 2
4 2 2 1
-5 2 1 0
10 3 2 2
2 3 1 2
18 2 2 3
-3 1 4 3
7 1 4 2
-5 1 3 1
10 2 4 3
2 2 3 3
-4 1 4 1
5 1 3 0
-10 2 4 2
-2 2 3 2
-4 2 0 3
-6 1 2 3
26 1 2 2
-10 1 1 1
4 2 1 3
12 2 0 2
-24 1 2 1
30 1 1 0
-12 2 1 2
2
-2 1 0 2
8 0 2 0
3
16 0 2 2
-8 0 2 0
2 1 0 2
3
-5 2 1 2
10 1 0 2
10 0 1 1
3
8 0 2 0
-2 1 0 2
-4 2 2 4
7
-1 1 2 0
2 1 0 1
-6 1 0 0
1 2 0 0
2 1 1 2
1 1 2 1
1 2 2 0
8
128 0 4 2
-32 1 2 4
-64 2 4 6
-64 0 4 0
32 1 2 2
32 2 4 4
-4 2 0 4
-8 3 2 6
45
128 1 6 3
-128 1 6 2
256 1 4 3
-768 1 4 2
96 2 4 2
256 1 5 4
-32 2 4 5
32 2 4 4
-64 2 2 5
192 2 2 4
-28 3 2 4
-64 2 3 6
-64 3 6 7
64 3 6 6
-128 3 4 7
384 3 4 6
-56 4 4 6
-128 3 5 8
-64 1 6 1
64 1 6 0
-128 1 4 1
384 1 4 0
-64 2 4 0
-128 1 5 2
32 2 4 3
64 2 2 3
-192 2 2 2
32 3 2 2
64 2 3 4
32 3 6 5
-32 3 6 4
64 3 4 5
-192 3 4 4
32 4 4 4
64 3 5 6
-4 3 2 5
-8 3 0 5
24 3 0 4
-4 4 0 4
-8 3 1 6
-8 4 4 7
-16 4 2 7
48 4 2 6
-8 5 2 6
-16 4 3 8
6
-12 3 2 4
48 2 4 2
8 2 1 3
-32 1 3 1
-16 2 0 3
64 1 2 1
11
10 1 0 2
10 0 1 1
-5 2 1 2
-32 1 2 4
-64 2 4 6
-64 0 4 0
32 1 2 2
32 2 4 4
-4 2 0 4
-8 3 2 6
128 0 4 2
8
-1 1 2 0
2 1 0 1
-6 1 0 0
1 2 0 0
2 1 1 2
1 1 2 1
-8 0 2 0
2 1 0 2
3
16 2 4 2
-8 2 4 0
2 3 2 2
9
16 0 2 2
2 1 0 1
-6 1 0 0
1 2 0 0
2 1 1 2
1 1 2 1
-8 0 2 0
2 1 0 2
-1 1 2 0
3
-2 1 1 2
8 0 2 0
-2 1 0 2
6
256 2 6 4
-256 2 6 2
64 3 4 4
64 2 6 0
-32 3 4 2
4 4 2 4
10
16 0 2 0
-4 1 0 2
-4 2 2 4
-2 1 0 1
6 1 0 0
-1 2 0 0
-2 1 1 2
-1 1 2 1
1 1 2 0
-16 0 2 2
3
1 2 2 1
-1 1 2 0
3 1 0 1
51
100 4 4 4
-40 4 2 4
-620 3 4 4
80 3 4 3
-100 3 3 2
100 3 6 5
160 3 4 5
-60 2 6 5
140 2 6 4
-100 2 5 3
-100 3 6 4
-80 2 6 3
100 2 5 2
-76 3 2 5
-108 2 4 5
501 2 4 4
-180 2 3 3
248 3 2 4
-488 2 4 3
610 2 3 2
4 4 0 4
-16 3 2 3
20 3 1 2
8 3 0 5
24 2 2 5
-104 2 2 4
40 2 1 3
-24 3 0 4
96 2 2 3
-120 2 1 2
9 1 6 5
-33 1 6 4
30 1 5 3
40 1 6 3
-70 1 5 2
18 1 4 5
-102 1 4 4
60 1 3 3
176 1 4 3
-260 1 3 2
16 2 4 2
-40 2 3 1
-16 1 6 2
40 1 5 1
-96 1 4 2
240 1 3 1
25 2 2 0
25 1 4 1
-25 1 4 0
50 1 2 1
-150 1 2 0
12
48 2 4 2
8 2 1 3
-32 1 3 1
-16 2 0 3
64 1 2 1
-12 3 2 4
256 2 6 2
-64 3 4 4
-64 2 6 0
32 3 4 2
-4 4 2 4
-256 2 6 4
2
-10 2 1 2
2 2 1 1
14
13 1 0 2
2 0 1 1
1 1 2 0
-4 0 2 2
8 2 2 0
-5 2 1 2
-32 1 2 4
-64 2 4 6
-64 0 4 0
32 1 2 2
32 2 4 4
-4 2 0 4
-8 3 2 6
128 0 4 2
21
9 1 0 2
2 1 2 0
-20 0 2 2
-4 2 2 4
-2 1 0 1
6 1 0 0
-1 2 0 0
-2 1 1 2
-1 1 2 1
16 0 2 0
2 0 1 1
8 2 2 0
-5 2 1 2
-32 1 2 4
-64 2 4 6
-64 0 4 0
32 1 2 2
32 2 4 4
-4 2 0 4
-8 3 2 6
128 0 4 2
55
49 1 2 1
-149 1 2 0
-40 4 2 4
-620 3 4 4
80 3 4 3
-100 3 3 2
100 3 6 5
160 3 4 5
-60 2 6 5
140 2 6 4
-100 2 5 3
-100 3 6 4
-80 2 6 3
100 2 5 2
-76 3 2 5
-108 2 4 5
501 2 4 4
-180 2 3 3
248 3 2 4
-488 2 4 3
610 2 3 2
4 4 0 4
-16 3 2 3
20 3 1 2
8 3 0 5
24 2 2 5
-104 2 2 4
40 2 1 3
-24 3 0 4
96 2 2 3
-120 2 1 2
9 1 6 5
-33 1 6 4
30 1 5 3
40 1 6 3
-70 1 5 2
18 1 4 5
-102 1 4 4
60 1 3 3
176 1 4 3
-260 1 3 2
16 2 4 2
-40 2 3 1
-16 1 6 2
40 1 5 1
-96 1 4 2
240 1 3 1
25 2 2 0
25 1 4 1
-25 1 4 0
100 4 4 4
-2 1 0 1
6 1 0 0
-1 2 0 0
-2 1 1 2
7
1 2 2 0
256 2 6 2
-64 3 4 4
-64 2 6 0
32 3 4 2
-4 4 2 4
-256 2 6 4
26
-61 2 2 2
4 2 2 1
-5 2 1 0
10 3 2 2
2 3 1 2
18 2 2 3
-3 1 4 3
7 1 4 2
-5 1 3 1
10 2 4 3
2 2 3 3
-4 1 4 1
5 1 3 0
-10 2 4 2
-2 2 3 2
-4 2 0 3
-6 1 2 3
26 1 2 2
-10 1 1 1
4 2 1 3
12 2 0 2
-24 1 2 1
30 1 1 0
-12 2 1 2
-2 3 0 2
-1 2 2 0
49
48 2 4 2
-16 3 2 4
-128 1 6 2
256 1 4 3
-768 1 4 2
256 1 5 4
-32 2 4 5
32 2 4 4
-64 2 2 5
192 2 2 4
-64 2 3 6
-64 3 6 7
64 3 6 6
-128 3 4 7
384 3 4 6
-56 4 4 6
-128 3 5 8
-64 1 6 1
64 1 6 0
-128 1 4 1
384 1 4 0
-64 2 4 0
-128 1 5 2
32 2 4 3
64 2 2 3
-192 2 2 2
32 3 2 2
64 2 3 4
32 3 6 5
-32 3 6 4
64 3 4 5
-192 3 4 4
32 4 4 4
64 3 5 6
-4 3 2 5
-8 3 0 5
24 3 0 4
-4 4 0 4
-8 3 1 6
-8 4 4 7
-16 4 2 7
48 4 2 6
-8 5 2 6
-16 4 3 8
128 1 6 3
-8 2 1 3
32 1 3 1
16 2 0 3
-64 1 2 1
17
48 2 4 2
8 2 1 3
-32 1 3 1
-16 2 0 3
64 1 2 1
-12 3 2 4
-10 0 1 1
5 2 1 2
32 1 2 4
64 2 4 6
64 0 4 0
-32 1 2 2
-32 2 4 4
4 2 0 4
8 3 2 6
-128 0 4 2
-10 1 0 2
119
960 3 6 4
-2208 3 4 4
-7584 2 6 4
-768 2 6 3
-480 2 5 2
1280 2 8 5
2336 2 6 5
-384 1 8 5
896 1 8 4
-640 1 7 3
-1280 2 8 4
-320 1 8 3
640 1 7 2
64 2 4 5
-768 1 6 5
3328 1 6 4
-1280 1 5 3
2368 2 4 4
-2688 1 6 3
3840 1 5 2
104 4 4 6
308 4 2 6
1924 3 4 6
464 3 4 5
140 3 3 4
1024 3 6 7
-564 3 4 7
96 2 6 7
-224 2 6 6
160 2 5 5
1152 3 6 6
-160 2 5 4
152 3 2 7
192 2 4 7
-832 2 4 6
320 2 3 5
-488 3 2 6
-960 2 3 4
-560 5 6 8
616 5 4 8
3848 4 6 8
352 4 6 7
280 4 5 6
-640 4 8 9
-1128 4 6 9
192 3 8 9
-448 3 8 8
320 3 7 7
640 4 8 8
160 3 8 7
-320 3 7 6
304 4 4 9
384 3 6 9
-1664 3 6 8
640 3 5 7
-976 4 4 8
-1920 3 5 6
-640 3 6 2
128 3 4 2
3904 2 6 2
-256 2 6 1
320 2 5 0
-640 2 8 3
-448 1 8 2
320 1 7 1
640 2 8 2
256 1 8 1
-320 1 7 0
-512 2 4 3
-1664 1 6 2
640 1 5 1
-768 2 4 2
1536 1 6 1
-1920 1 5 0
320 4 4 4
-64 4 2 4
128 3 4 3
-160 3 3 2
-448 3 6 5
-160 2 5 3
-32 3 2 5
-320 2 3 3
384 3 2 4
960 2 3 2
320 5 6 6
-64 5 4 6
-1952 4 6 6
128 4 6 5
-160 4 5 4
320 4 8 7
224 3 8 6
-160 3 7 5
-320 4 8 6
-128 3 8 5
160 3 7 4
24 4 4 7
-320 3 5 5
960 3 5 4
-40 5 2 6
8 5 0 6
-16 4 2 5
20 4 1 4
-72 4 2 7
20 3 3 5
16 4 0 7
40 3 1 5
-48 4 0 6
-120 3 1 4
-80 6 4 8
16 6 2 8
-32 5 4 7
40 5 3 6
-80 5 6 9
-144 5 4 9
40 4 5 7
32 5 2 9
80 4 3 7
-96 5 2 8
-240 4 3 6
17
16 3 6 3
-8 3 6 1
2 4 4 3
-16 3 6 2
8 3 6 0
14 4 4 2
32 3 4 3
-16 3 4 1
4 4 2 3
-96 3 4 2
48 3 4 0
-12 4 2 2
-8 4 4 0
2 5 2 2
32 3 5 4
-16 3 5 2
4 4 3 4
3
-8 1 2 3
32 0 3 1
-8 1 1 3
1
6 1 0 1
3
7 2 2 1
-8 1 0 2
-10 0 1 1
