486 416 351 117 410 63 
486 416 117 410 351 63 
416 410 362 117 351 63 
117 351 410 63 362 416 
493 410 416 117 351 63 362 
493 410 416 126 351 63 362 117 
117 126 410 351 493 63 416 362 
493 456 416 410 351 63 362 117 126 264 
416 410 362 126 351 63 264 117 98 
117 98 126 351 410 63 264 362 416 
416 410 362 126 351 63 264 117 98 52 
117 98 126 52 351 410 63 264 362 416 
416 410 362 126 351 63 264 117 98 52 79 
117 126 98 410 52 351 79 416 63 362 264 
416 410 362 126 351 250 264 117 98 52 79 63 
117 98 126 52 79 351 410 63 250 264 362 416 
416 410 362 126 351 250 264 117 98 52 79 63 239 
117 98 126 52 79 351 410 63 239 250 264 362 416 
362 351 264 126 179 250 239 117 98 52 79 63 
264 179 250 126 79 63 239 117 98 52 70 
117 126 98 179 52 79 70 264 63 250 239 
264 179 250 126 79 63 239 117 98 52 70 3 
264 179 126 117 98 79 52 70 250 63 3 239 
349 179 264 126 79 250 239 117 98 52 70 3 63 
117 126 98 179 52 79 70 349 3 250 63 264 239 
349 179 264 126 79 250 239 117 98 52 70 3 63 227 
117 126 98 179 52 79 70 349 3 250 63 264 227 239 
349 179 264 126 79 250 239 117 98 52 70 3 63 227 93 
349 179 126 117 98 79 52 70 264 250 3 63 239 227 93 
407 349 264 254 79 250 239 179 98 52 70 3 63 227 93 117 126 
117 126 179 98 254 52 70 79 349 3 63 250 227 93 239 264 407 
407 349 264 284 79 250 239 179 254 52 70 3 63 227 93 117 126 98 
407 349 284 179 117 126 254 98 79 52 70 264 250 3 63 239 227 93 
460 407 264 349 79 250 239 179 284 52 70 3 63 227 93 117 126 98 254 
460 407 264 349 234 250 239 179 284 79 70 3 63 227 93 117 126 98 254 52 
117 126 179 98 254 284 349 52 79 70 234 407 3 63 250 227 93 239 264 460 
460 407 264 349 234 250 239 179 284 176 70 3 63 227 93 117 126 98 254 52 79 
117 179 126 349 98 284 254 407 52 176 79 234 70 460 3 250 63 264 227 239 93 
349 284 264 254 234 250 239 179 98 176 207 3 63 227 93 117 126 79 70 52 
349 284 254 179 117 126 98 79 70 234 176 52 207 264 250 3 63 239 227 93 
349 285 264 254 284 250 239 179 98 234 207 3 63 227 93 117 126 79 70 52 176 
349 285 264 254 284 250 239 179 98 234 207 3 63 227 93 117 126 79 70 52 176 26 
117 126 179 79 70 98 254 52 176 234 26 207 284 285 3 63 250 227 93 239 264 349 
349 285 264 254 284 250 239 179 98 234 267 20 63 227 93 117 126 79 70 52 176 26 207 3 
349 285 254 179 117 126 98 79 70 284 234 52 176 267 26 207 264 250 20 3 63 239 227 93 
410 285 349 254 284 264 239 179 98 234 267 250 63 227 93 117 126 79 70 52 176 26 207 3 20 
117 126 179 79 70 98 254 52 176 234 26 207 267 284 285 3 20 250 63 264 227 93 239 349 410 
365 284 264 254 267 250 239 179 98 176 234 20 63 227 93 117 126 79 70 52 3 26 207 
365 284 254 179 117 126 98 79 70 267 176 52 3 234 26 207 264 250 20 63 239 227 93 
365 284 264 254 267 250 239 179 98 176 234 166 63 227 93 117 126 79 70 52 3 26 207 20 
117 126 179 79 70 98 254 52 3 176 26 207 234 267 284 20 166 63 250 227 93 239 264 365 
