422 258 330 38 47 
38 47 258 330 422 
422 258 330 38 47 144 196 
422 258 38 47 330 144 196 
500 436 330 422 47 144 196 38 258 
38 258 422 47 436 144 196 330 500 
500 436 330 422 237 272 196 38 258 47 147 144 
500 436 330 422 237 272 196 38 258 47 147 144 111 
500 436 330 422 237 272 322 38 258 47 147 144 111 196 130 
38 258 422 47 147 237 436 144 111 272 196 130 322 330 500 
500 436 330 427 237 272 322 422 258 47 147 144 111 196 130 38 296 
500 436 330 427 237 272 322 422 271 47 147 144 111 196 130 38 296 258 
500 436 330 427 237 272 322 422 271 47 147 144 111 196 130 38 296 258 214 
38 422 296 427 258 271 214 436 47 237 147 500 144 272 111 330 196 322 130 
436 427 330 422 383 272 322 296 271 237 147 144 111 196 130 38 37 258 214 47 
38 296 37 422 258 271 214 427 47 237 383 147 436 144 272 111 330 196 322 130 
442 436 330 422 427 272 322 296 271 383 398 144 111 196 130 38 37 258 214 47 237 147 
436 427 330 422 398 272 322 296 271 383 147 144 111 196 130 38 37 258 214 47 237 51 
436 427 422 296 38 37 271 258 214 398 383 47 237 147 51 330 272 144 111 322 196 130 
436 427 330 422 398 277 322 296 271 383 391 272 111 196 130 38 37 258 214 47 237 51 147 144 
38 37 296 258 214 271 422 47 237 383 51 147 391 398 427 144 272 111 277 196 130 322 330 436 
