4106 3915 2560 554 2615 1990 
554 3915 2615 4106 1990 2560 
4106 3915 3976 554 2615 1990 2560 
554 2615 3915 1990 2560 3976 4106 
4106 3915 3976 554 2615 1990 2560 21 
21 554 3915 2615 4106 1990 3976 2560 
3915 2615 2560 1352 21 1990 554 
1352 2615 21 3915 1990 2560 554 
3985 3915 2560 2615 21 1990 554 1352 
1352 2615 3915 21 3985 1990 2560 554 
3985 3915 2560 2615 21 1990 554 1352 43 
1352 2615 43 3915 21 3985 1990 2560 554 
3985 3915 2560 2615 3578 1990 554 1352 43 21 
3985 3915 2615 1352 43 3578 21 2560 1990 554 
3578 2615 2560 1352 21 1990 554 43 
3578 3321 2560 2615 21 1990 554 43 1352 
43 2615 1352 3321 21 3578 1990 2560 554 
3932 3578 2560 2615 3321 1990 554 43 1352 21 
43 1352 2615 21 3321 3578 1990 554 2560 3932 
3932 3578 2560 2615 3472 1990 554 43 1352 21 3321 
43 1352 2615 21 3321 3472 3578 1990 554 2560 3932 
3932 3578 2560 2615 3472 2040 554 43 1352 21 3321 1990 
43 1352 2615 21 3321 3472 3578 1990 2040 554 2560 3932 
3932 3578 2560 2615 3472 2040 554 43 1352 21 3321 1990 1485 
43 2615 1352 3578 21 3472 3321 3932 1990 2040 1485 2560 554 
3932 3578 2560 2615 3472 2040 2265 43 1352 21 3321 1990 1485 554 
43 1352 2615 21 3321 3472 3578 1990 1485 2040 554 2265 2560 3932 
3932 3578 2560 2615 3472 2040 2265 43 1352 21 3321 1990 1485 554 1361 
3932 3578 2615 43 1352 3472 21 3321 2560 2040 1990 1485 2265 554 1361 
3321 2615 2560 1485 1361 2040 2265 43 1352 21 554 1990 
3321 2615 1485 43 1352 1361 21 554 2560 2040 1990 2265 
2615 1990 2560 1485 1361 2040 2265 43 1352 21 554 
43 1485 1352 1990 21 1361 554 2615 2040 2560 2265 
2699 1990 2615 1485 1361 2560 2265 43 1352 21 554 2040 
43 1485 1352 1990 21 1361 554 2699 2040 2560 2615 2265 
2587 1990 2560 1485 1361 2040 2265 43 1352 21 554 
4064 1990 2587 1485 1361 2560 2265 43 1352 21 554 2040 
43 1352 1485 21 554 1361 1990 2040 2560 2265 2587 4064 
4064 1990 2587 1485 1361 2560 2265 43 1352 21 554 2040 916 
43 1485 1352 1990 21 1361 554 4064 2040 2560 916 2587 2265 
2560 1990 2265 1485 1361 2040 916 43 1352 21 554 1838 
43 1352 1485 21 554 1361 1990 1838 2040 916 2265 2560 
2560 1990 2408 1485 1361 2265 916 43 1352 21 554 1838 2040 
2560 1990 1485 43 1352 1361 21 554 2408 2265 1838 2040 916 
2408 1990 2265 1485 1361 2040 916 43 1352 21 554 1838 
2408 1990 1485 43 1352 1361 21 554 2265 2040 1838 916 
2265 1990 2040 1485 1361 1838 916 43 1352 21 554 
43 1352 1485 21 554 1361 1990 1838 916 2040 2265 
2408 1990 2265 1485 1361 2040 916 43 1352 21 554 1838 
43 1485 1352 1990 21 1361 554 2408 1838 2040 2265 916 
1990 1485 1838 1352 1361 554 916 43 21 
1990 1485 1352 43 21 1361 1838 554 916 
1990 1485 1838 1352 1361 554 916 43 21 
1838 1485 916 1352 1361 554 21 43 
43 1352 1485 1361 1838 554 916 21 
1485 1361 916 1352 1040 554 21 43 
1485 1361 1352 43 1040 916 554 21 
3043 1485 916 1361 1040 554 21 43 1352 
3043 1961 916 1361 1485 554 21 43 1352 1040 
3043 1961 1361 43 1352 1485 1040 916 554 21 
3961 3043 916 1361 1961 554 21 43 1352 1040 1485 
43 1352 1361 1040 1485 1961 3043 554 21 916 3961 
3961 3043 916 1361 1961 554 21 43 1352 1040 1485 198 
3961 3043 1361 43 1352 1961 1040 1485 916 554 198 21 
3043 1961 1358 1361 1485 916 21 43 1352 1040 198 554 
43 1352 1361 1040 198 1485 1961 554 916 21 1358 3043 
3043 1961 1358 1361 1485 916 21 43 1352 1040 198 554 301 
1674 1485 1358 1361 1040 916 301 43 1352 21 198 554 
43 1361 1352 1485 21 1040 198 1674 554 916 1358 301 
1674 1485 1358 1361 1040 916 301 43 1352 21 198 554 5 
1674 1485 1358 1361 1040 916 1339 43 1352 21 198 554 5 301 
43 1352 1361 21 198 1040 1485 554 5 916 301 1339 1358 1674 
1674 1485 1358 1361 1040 916 1339 43 1352 21 198 554 5 301 884 
3312 1674 1358 1485 1040 916 1339 1361 1352 21 198 554 5 301 884 43 
3312 1674 1358 1485 1040 916 1339 1361 1352 21 198 554 5 301 884 43 537 
43 1361 537 1485 1352 1674 21 1040 198 3312 554 916 5 1358 301 1339 884 
3400 3312 1358 1674 1040 916 1339 1361 1485 21 198 554 5 301 884 43 537 1352 
3400 3312 1674 1361 43 537 1485 1352 1040 21 198 1358 916 554 5 1339 301 884 
3400 3312 1358 1674 1040 916 1339 1361 1485 21 198 554 5 301 884 43 537 1352 
43 1361 537 1674 1352 1485 3312 21 1040 198 3400 554 916 5 1358 301 1339 884 
3400 3312 1358 1979 1040 916 1339 1361 1674 21 198 554 5 301 884 43 537 1352 1485 
3400 3312 1979 1361 43 537 1674 1352 1485 1040 21 198 1358 916 554 5 1339 301 884 
1674 1485 1358 1361 1040 916 1339 537 1352 21 198 554 5 301 884 43 
43 537 1352 1361 21 198 1040 1485 554 5 916 301 884 1339 1358 1674 
1979 1674 1358 1485 1040 916 1339 1361 1352 21 198 554 5 301 884 43 537 
43 1361 537 1485 1352 1674 21 1040 198 1979 554 916 5 1358 301 1339 884 
1674 1485 1358 1361 1040 916 1339 537 1352 21 198 554 5 301 884 43 
1674 1485 1361 537 43 1352 1040 21 198 1358 916 554 5 1339 301 884 
1485 1361 1358 1352 1040 916 1339 537 43 21 198 554 5 301 884 
537 1352 43 1361 21 1040 198 1485 554 916 5 1358 301 1339 884 
3011 1485 1358 1361 1040 916 1339 1352 43 21 198 554 5 301 884 537 
537 1352 43 1361 21 198 1040 1485 554 5 916 301 884 1339 1358 3011 
3652 3011 1358 1485 1040 916 1339 1361 43 21 198 554 5 301 884 537 1352 
3652 3011 1358 1485 1040 916 1339 1361 244 21 198 554 5 301 884 537 1352 43 
3652 3011 1485 1361 537 1352 244 43 1040 21 198 1358 916 554 5 1339 301 884 
3011 1485 1358 1361 1040 916 1339 1352 244 21 198 554 5 301 884 537 43 
3011 1485 1361 1352 537 43 244 1040 21 198 1358 916 554 5 1339 301 884 
1485 1361 1358 1352 1040 916 1339 537 244 21 198 554 5 301 884 43 
2716 1485 1358 1361 1040 916 1339 1352 244 21 198 554 5 301 884 43 537 
2716 1485 1361 1352 43 537 244 1040 21 198 1358 916 554 5 1339 301 884 
1485 1361 1358 1352 1040 916 1339 537 244 21 198 554 5 301 884 43 
43 537 1352 244 1361 21 1040 198 1485 554 916 5 1358 301 1339 884 
2716 1485 1358 1361 1040 916 1339 1352 244 21 198 554 5 301 884 43 537 
43 537 1352 244 1361 21 198 1040 1485 554 5 916 301 884 1339 1358 2716 
3580 2716 1358 1485 1040 916 1339 1352 1361 21 198 554 5 301 884 43 537 244 
43 1352 537 1485 244 1361 2716 21 1040 198 3580 554 916 5 1358 301 1339 884 
4210 3580 1358 1485 2716 916 1339 1352 1361 1040 198 554 5 301 884 43 537 244 1000 21 
43 1352 537 1485 244 1361 1000 3580 21 1040 2716 198 4210 554 916 5 1358 301 1339 884 
4210 3580 1358 1485 2716 916 1339 1352 1361 2699 1251 554 5 301 884 43 537 244 1000 21 1040 198 
4210 3580 1485 1352 43 537 1361 244 1000 2716 2699 21 1040 1251 198 1358 916 554 5 1339 301 884 
3580 2716 1358 1485 2699 916 1339 1352 1361 1040 1251 554 5 301 884 43 537 244 1000 21 198 
3580 2716 1485 1352 43 537 1361 244 1000 2699 1040 21 198 1251 1358 916 554 5 1339 301 884 
1485 1361 1358 1352 1251 916 1339 537 1000 1040 198 554 5 301 884 43 21 244 
1485 1361 1352 537 43 21 1000 244 1251 1040 198 1358 916 554 5 1339 301 884 
1361 1352 1358 1000 1251 916 1339 537 244 1040 198 554 5 301 884 43 21 
43 537 21 1000 244 1352 1040 1251 198 1361 554 916 5 1358 301 1339 884 
3585 1361 1358 1352 1251 916 1339 537 1000 1040 198 554 5 301 884 43 21 244 
43 21 537 244 1000 1352 1040 198 1251 1361 554 5 916 301 884 1339 1358 3585 
3585 1850 1358 1352 1361 916 1339 537 1340 1251 198 554 5 301 884 43 21 244 1000 1040 
43 537 21 1352 244 1340 1000 1850 1040 1251 1361 198 3585 554 916 5 1358 301 1339 884 
3677 3001 1358 1352 1850 916 1339 537 1340 1361 198 554 5 301 884 43 21 244 1000 1040 1251 
3677 3001 1358 1352 2342 916 1339 537 1340 1361 1850 554 5 301 884 43 21 244 1000 1040 1251 198 
3677 3001 1352 537 43 21 1340 244 1000 2342 1361 1040 1251 1850 198 1358 916 554 5 1339 301 884 
3001 2342 1358 1352 1850 916 1339 537 1340 1361 198 554 5 301 884 43 21 244 1000 1040 1251 
3001 2342 1352 537 43 21 1340 244 1000 1850 1361 1040 1251 198 1358 916 554 5 1339 301 884 
2342 1850 1358 1352 1361 916 1339 537 1340 1251 198 554 5 301 884 43 21 244 1000 1040 
43 537 21 1352 244 1340 1000 1850 1040 1251 1361 198 2342 554 916 5 1358 301 1339 884 
3350 2342 1358 1352 1850 916 1339 537 1340 1361 198 554 5 301 884 43 21 244 1000 1040 1251 
43 537 21 1352 244 1340 1000 2342 1040 1361 1251 1850 198 3350 554 916 5 1358 301 1339 884 
3750 3350 1358 1352 2342 916 1339 537 1340 1361 1850 554 5 301 884 43 21 244 1000 1040 1251 198 1004 
3750 3350 1352 537 43 21 1340 244 1000 2342 1361 1040 1251 1850 198 1004 1358 916 554 5 1339 301 884 
3350 2342 1358 1352 1850 916 1339 537 1340 1361 1004 554 5 301 884 43 21 244 1000 1040 1251 198 
3750 3350 1358 1352 2342 916 1339 537 1340 1361 1850 554 5 301 884 43 21 244 1000 1040 1251 198 1004 
43 537 21 1352 244 1340 1000 3350 1040 1361 1251 2342 198 1850 1004 3750 554 916 5 1358 301 1339 884 
3750 3350 1358 1352 2342 916 1339 537 1340 1361 1850 673 5 301 884 43 21 244 1000 1040 1251 198 1004 554 
43 537 21 1352 244 1340 1000 3350 1040 1361 1251 2342 198 1850 1004 3750 554 673 916 5 1358 301 1339 884 
2342 1850 1531 1352 1361 1358 1339 537 1340 1251 1004 916 5 301 884 43 21 244 1000 1040 554 198 673 
3142 1850 2342 1352 1361 1531 1339 537 1340 1251 1004 1358 5 301 884 43 21 244 1000 1040 554 198 673 418 916 
3142 1850 1352 537 43 21 1340 244 1000 1361 1251 1040 554 1004 198 673 2342 1531 1358 418 916 5 1339 301 884 
3142 1531 1358 1352 1361 916 1339 537 1340 1040 1251 673 5 301 884 43 21 244 1000 418 554 198 1004 
43 537 21 1352 244 1340 1000 1531 418 1040 554 1361 198 1251 1004 3142 673 916 5 1358 301 1339 884 
3310 1531 3142 1352 1361 1358 1339 537 1340 1040 1251 916 5 301 884 43 21 244 1000 418 554 198 1004 673 
43 21 537 244 1000 1340 1352 418 554 1040 198 1004 1251 1361 1531 673 916 5 1358 301 884 1339 3142 3310 
3310 1531 3142 1352 1361 1358 1339 537 1340 1040 1251 916 5 301 884 43 21 244 1000 418 554 198 1004 673 
43 21 537 244 1000 1340 1352 418 554 1040 198 1004 1251 1361 1531 673 916 5 1358 301 884 1339 3142 3310 
1358 1352 1339 1340 1251 916 884 537 1000 1040 1004 673 5 301 554 43 21 244 198 418 
43 537 21 1340 244 1000 198 1352 418 1040 1251 1004 1358 673 916 5 1339 301 884 554 
2747 1358 1339 1340 1352 916 884 537 1000 1251 1004 673 5 301 554 43 21 244 198 418 1040 
43 537 21 1340 244 1000 198 1358 418 1251 1040 1352 1004 2747 673 916 5 1339 301 884 554 
2911 2747 1339 1340 2477 916 884 537 1000 1251 1358 673 5 301 554 43 21 244 198 418 1040 1004 1352 
3462 2747 2911 1340 2477 1339 884 537 1000 1251 1358 916 5 301 554 43 21 244 198 418 1040 1004 1352 673 87 
43 21 537 244 198 1000 1340 418 1040 1251 1004 1352 1358 2477 2747 673 87 916 5 1339 301 554 884 2911 3462 
2911 2747 1339 1340 2477 1332 884 537 1000 1251 1358 916 5 301 554 43 21 244 198 418 1040 1004 1352 87 673 
43 21 537 244 198 1000 1340 418 1040 1251 1004 1352 1358 2477 2747 87 673 916 5 1332 301 554 884 1339 2911 
3242 2477 2747 1340 1358 1339 884 537 1000 1251 1352 1332 5 301 554 43 21 244 198 418 1040 1004 673 87 916 
43 537 21 1340 244 1000 198 2477 418 1251 1040 1358 1004 1352 673 3242 87 1332 916 1339 5 2747 301 884 554 
3242 2477 2747 1340 1358 1546 884 537 1000 1251 1352 1332 1339 301 554 43 21 244 198 418 1040 1004 673 87 916 5 
43 537 21 1340 244 1000 198 2477 418 1251 1040 1358 1004 1352 673 3242 87 1332 916 1546 5 1339 2747 301 884 554 
2477 1358 2178 1340 1352 1546 884 537 1000 1251 1004 1332 1339 301 554 43 21 244 198 418 1040 5 673 87 916 
2477 1358 1340 537 43 21 1000 244 198 1352 1251 418 1040 1004 5 673 2178 1546 1332 87 916 1339 884 301 554 
2178 1358 1546 1340 1352 1339 884 537 1000 1251 1004 1332 916 301 554 43 21 244 198 418 1040 5 673 87 
43 21 537 244 198 1000 1340 418 1040 1251 5 673 1004 1352 1358 87 1332 916 1339 301 554 884 1546 2178 
1358 1352 1339 1340 1251 1332 884 537 1000 1040 1004 87 916 301 554 43 21 244 198 418 673 5 
43 21 537 244 198 1000 1340 418 673 1040 5 1004 1251 1352 87 916 1332 301 554 884 1339 1358 
2178 2155 1339 1000 1352 1332 884 537 244 1040 1340 1199 916 301 554 43 21 5 198 418 673 1004 1251 87 
2178 2155 1000 537 43 21 244 5 198 1352 1040 418 673 1340 1004 1251 1339 1332 1199 87 916 884 301 554 
2155 1352 1339 1000 1340 1332 884 537 244 1040 1251 1199 916 301 554 43 21 5 198 418 673 1004 87 
2155 1352 1828 1000 1340 1339 884 537 244 1040 1251 1332 916 301 554 43 21 5 198 418 673 1004 87 1199 
2155 1352 1835 1000 1340 1828 884 537 244 1040 1251 1339 916 301 554 43 21 5 198 418 673 1004 87 1199 1332 
43 537 21 1000 5 244 198 1352 418 1040 673 1340 1004 1251 87 2155 1199 1339 1332 1828 916 1835 301 884 554 
3409 1352 2846 1000 1340 2155 884 537 244 1040 1251 1339 1835 301 554 43 21 5 198 418 673 1004 87 1199 1332 916 1828 
3480 1352 3409 1000 1340 2155 2846 537 244 1040 1251 1339 1835 884 554 43 21 5 198 418 673 1004 87 1199 1332 916 1828 301 
4105 1352 3480 1000 1340 2155 3409 537 244 1040 1251 1339 1835 2846 554 43 21 5 198 418 673 1004 87 1199 1332 916 1828 301 884 
43 21 537 5 198 244 1000 418 673 1040 1004 87 1251 1340 1352 1199 1332 1339 916 1828 1835 2155 301 884 2846 554 3409 3480 4105 
4105 1352 3480 1000 1340 2155 3409 537 244 1040 1251 1339 1835 2846 554 43 21 5 198 418 673 1004 87 1199 1332 916 1828 301 884 
4105 1352 1000 537 43 21 244 5 198 1340 1040 418 673 1251 1004 87 3480 2155 1339 1199 1332 1835 916 1828 3409 2846 301 884 554 
2846 1352 2155 1000 1340 1835 884 537 244 1040 1251 1339 1828 301 554 43 21 5 198 418 673 1004 87 1199 1332 916 
43 21 537 5 198 244 1000 418 673 1040 1004 87 1251 1340 1352 1199 1332 1339 916 1828 1835 301 554 884 2155 2846 
4105 1352 2155 1000 1340 1835 884 537 244 1040 1251 1339 1828 301 554 43 21 5 198 418 673 1004 87 1199 1332 916 
4105 1352 2155 1000 1340 1835 884 537 244 1040 1251 1339 1828 301 554 43 21 5 198 418 673 1004 87 1199 1332 916 1266 
4105 1352 1000 537 43 21 244 5 198 1340 1040 418 673 1251 1004 87 2155 1835 1339 1199 1332 1828 916 1266 884 301 554 
2155 1352 1835 1000 1340 1828 884 537 244 1040 1251 1339 1266 301 554 43 21 5 198 418 673 1004 87 1199 1332 916 
2155 1352 1835 1000 1340 1828 884 537 244 1040 1251 1339 1584 301 554 43 21 5 198 418 673 1004 87 1199 1332 916 1266 
43 537 21 1000 5 244 198 1352 418 1040 673 1340 1004 1251 87 2155 1199 1339 1332 1828 916 1584 1266 1835 301 884 554 
1828 1352 1584 1000 1340 1339 884 537 244 1040 1251 1332 1266 301 554 43 21 5 198 418 673 1004 87 1199 296 916 253 
1584 1352 1339 1000 1340 1332 884 537 244 1040 1251 1199 1266 301 554 43 21 5 198 418 673 1004 87 253 296 916 
43 537 21 1000 5 244 198 1352 418 1040 673 1340 1004 1251 87 1584 253 1199 296 1332 916 1266 1339 301 884 554 
2656 1352 1584 1000 1340 1339 884 537 244 1040 1251 1199 1332 301 554 43 21 5 198 418 673 1004 87 253 296 916 1266 
2656 1352 1000 537 43 21 244 5 198 1340 1040 418 673 1251 1004 87 1584 1339 1199 253 296 1332 916 1266 884 301 554 
1584 1352 1339 1000 1340 1332 884 537 244 1040 1251 1199 1266 301 554 43 21 5 198 418 673 1004 87 253 296 916 
43 537 21 1000 5 244 198 1352 418 1040 673 1340 1004 1251 87 1584 253 1199 296 1332 916 1266 1339 301 884 554 
2656 1352 1584 1000 1340 1339 884 537 244 1040 1251 1199 1332 301 554 43 21 5 198 418 673 1004 87 253 296 916 1266 
43 537 21 1000 5 244 198 1352 418 1040 673 1340 1004 1251 87 2656 253 1199 296 1339 916 1332 1266 1584 301 884 554 
3772 1352 1584 1000 1340 1339 884 537 244 1040 1251 1199 1332 301 554 43 21 5 198 418 673 1004 87 253 296 916 1266 
3772 1352 1584 1000 1340 1339 884 537 244 1040 1251 1199 1332 516 554 43 21 5 198 418 673 1004 87 253 296 916 1266 301 
43 21 537 5 198 244 1000 418 673 1040 1004 87 1251 1340 1352 253 296 1199 916 1266 1332 1339 301 516 554 884 1584 3772 
3029 1352 1584 1000 1340 1332 1530 537 244 1040 1251 1199 1266 1339 554 43 21 5 198 418 673 1004 87 253 296 916 301 516 884 
1584 1352 1530 1000 1340 1332 1339 537 244 1040 1251 1199 1266 884 554 43 21 5 198 418 673 1004 87 253 296 916 301 516 
3679 1352 1530 1000 1340 1332 1339 537 244 1040 1251 1199 1266 884 554 43 21 5 198 418 673 1004 87 253 296 916 301 516 
43 537 21 1000 5 244 198 1352 418 1040 673 1340 1004 1251 87 3679 253 1199 296 1332 916 1266 301 1530 516 884 1339 554 
4034 1352 3679 1000 1340 1332 1530 537 244 1040 1251 1199 1266 1339 554 43 21 5 198 418 673 1004 87 253 296 916 301 516 884 
43 537 21 1000 5 244 198 1352 418 1040 673 1340 1004 1251 87 4034 253 1199 296 1332 916 1266 301 3679 516 1339 884 1530 554 
4034 1352 3679 1000 1340 1332 3232 537 244 1040 1251 1199 1266 1339 1530 43 21 5 198 418 673 1004 87 253 296 916 301 516 884 554 
1530 1352 1339 1000 1340 1332 884 537 244 1040 1251 1199 1266 516 554 43 21 5 198 418 673 1004 87 253 296 916 301 329 
43 537 21 1000 5 244 198 1352 418 1040 673 1340 1004 1251 87 1530 253 1199 296 1332 916 1266 301 1339 329 516 884 554 
1865 1352 1530 1000 1340 1332 1339 537 244 1040 1251 1199 1266 884 554 43 21 5 198 418 673 1004 87 253 296 916 301 329 516 
3852 1352 1865 1000 1340 1332 1530 537 244 1040 1251 1199 1266 884 1339 43 21 5 198 418 673 1004 87 253 296 916 301 329 516 554 
3852 1352 1000 537 43 21 244 5 198 1340 1040 418 673 1251 1004 87 1865 1332 1199 253 296 1266 916 301 1530 884 329 516 1339 554 
1865 1352 1530 1000 1340 1332 1339 537 244 1040 1251 1199 1266 884 554 43 21 5 198 418 673 1004 87 253 296 916 301 329 516 
3852 1352 1865 1000 1340 1332 1530 537 244 1040 1251 1199 1266 884 1339 43 21 5 198 418 673 1004 87 253 296 916 301 329 516 554 
43 21 537 5 198 244 1000 418 673 1040 1004 87 1251 1340 1352 253 296 1199 916 301 1266 1332 329 516 884 554 1339 1530 1865 3852 
3852 1352 1530 1000 1340 1332 1339 537 244 1040 1251 1199 1266 884 554 43 21 5 198 418 673 1004 87 253 296 916 301 329 516 
3852 1352 1000 537 43 21 244 5 198 1340 1040 418 673 1251 1004 87 1530 1332 1199 253 296 1266 916 301 1339 884 329 516 554 
1530 1352 1339 1000 1340 1332 884 537 244 1040 1251 1199 1266 516 554 43 21 5 198 418 673 1004 87 253 296 916 301 329 
1530 1352 1000 537 43 21 244 5 198 1340 1040 418 673 1251 1004 87 1339 1332 1199 253 296 1266 916 301 884 516 329 554 
1352 1340 1339 1000 1251 1332 884 537 244 1040 1004 1199 1266 516 554 43 21 5 198 418 673 329 87 253 296 916 301 
43 21 537 5 198 244 1000 418 673 1040 329 87 1004 1251 1340 253 296 1199 916 301 1266 1332 516 554 884 1339 1352 
3852 1251 1340 1000 1040 1339 884 537 244 673 1004 1199 1332 516 554 43 21 5 198 418 301 329 87 253 296 916 1266 
43 21 537 5 198 244 1000 418 301 673 329 87 1004 1040 1251 253 296 1199 916 1266 1332 1339 516 554 884 1340 3852 
3852 1251 1339 1000 1040 1332 884 537 244 673 1004 1199 1266 516 554 43 21 5 198 418 301 329 87 253 296 916 
43 537 21 1000 5 244 198 1251 418 673 301 1040 329 1004 87 3852 253 1199 296 1332 916 1266 1339 516 884 554 
3852 1251 1339 1000 1040 1332 884 537 244 673 1004 1199 1266 797 554 43 21 5 198 418 301 329 87 253 296 916 936 516 
3852 1251 3058 1000 1040 1332 1339 537 244 673 1004 1199 1266 884 554 43 21 5 198 418 301 329 87 253 296 916 936 516 797 
3852 1251 1000 537 43 21 244 5 198 1040 673 418 301 1004 329 87 3058 1332 1199 253 296 1266 916 936 1339 884 516 797 554 
3058 1251 1339 1000 1040 1332 884 537 244 673 1004 1199 1266 797 554 43 21 5 198 418 301 329 87 253 296 916 936 516 
43 21 537 5 198 244 1000 418 301 673 329 87 1004 1040 1251 253 296 1199 916 936 1266 1332 516 797 554 884 1339 3058 
3058 1251 1339 1000 1040 1266 1332 537 244 673 1004 1199 936 884 554 43 21 5 198 418 301 329 87 253 296 916 516 797 
3058 1251 2546 1000 1040 1266 1339 537 244 673 1004 1199 936 1332 554 43 21 5 198 418 301 329 87 253 296 916 516 797 884 
3323 1251 3058 1000 1040 1266 2546 537 244 673 1004 1199 936 1332 1339 43 21 5 198 418 301 329 87 253 296 916 516 797 884 554 
43 21 537 5 198 244 1000 418 301 673 329 87 1004 1040 1251 253 296 1199 916 516 936 1266 797 884 1332 554 1339 2546 3058 3323 
3323 1251 3058 1000 1040 1266 2546 537 244 673 1004 1199 936 1332 2395 43 21 5 198 418 301 329 87 253 296 916 516 797 884 554 1339 
43 21 537 5 198 244 1000 418 301 673 329 87 1004 1040 1251 253 296 1199 916 516 936 1266 797 884 1332 554 1339 2395 2546 3058 3323 
3058 1251 2546 1000 1040 1266 2395 742 244 673 1004 1199 936 1332 1339 537 21 5 198 418 301 329 87 253 296 916 516 797 884 554 141 43 
3058 1251 1000 742 537 43 21 244 5 198 1040 673 418 301 1004 329 87 2546 1266 1199 253 296 936 916 516 2395 1332 797 884 1339 554 141 
1339 1251 1332 1000 1040 1266 884 742 244 673 1004 1199 936 797 554 537 21 5 198 418 301 329 87 253 296 916 516 43 141 
1450 1251 1339 1000 1040 1266 1332 742 244 673 1004 1199 936 797 884 537 21 5 198 418 301 329 87 253 296 916 516 43 141 554 
2214 1251 1450 1000 1040 1266 1339 742 244 673 1004 1199 936 797 1332 537 21 5 198 418 301 329 87 253 296 916 516 43 141 554 884 
537 21 742 5 198 244 1000 418 301 673 329 87 1004 1040 1251 253 296 1199 916 516 936 1266 43 141 797 554 884 1332 1339 1450 2214 
2214 1251 1339 1000 1040 1266 1332 742 244 673 1004 1199 936 797 884 537 21 5 198 418 301 329 87 253 296 916 516 43 141 554 
537 21 742 5 198 244 1000 418 301 673 329 87 1004 1040 1251 253 296 1199 916 516 936 1266 43 141 797 554 884 1332 1339 2214 
2214 1251 1339 1000 1040 1266 1332 742 244 673 1004 1199 936 797 884 537 21 5 198 418 301 329 87 253 296 916 516 43 141 554 
2214 1251 1000 742 537 21 244 5 198 1040 673 418 301 1004 329 87 1339 1266 1199 253 296 936 916 516 1332 797 43 141 884 554 
1339 1251 1332 1000 1040 1266 884 742 244 673 1004 1199 936 797 554 537 21 5 198 418 301 329 87 253 296 916 516 43 141 
3014 1251 2214 1000 1040 1266 1339 742 244 673 1004 1199 936 797 1332 537 21 5 198 418 301 329 87 253 296 916 516 43 141 554 884 
537 742 21 1000 5 244 198 1251 418 673 301 1040 329 1004 87 3014 253 1199 296 1266 916 936 516 2214 43 797 141 1339 554 1332 884 
3014 2590 2214 1251 1040 1266 1339 1000 244 673 1004 1199 936 797 1332 742 21 5 198 418 301 329 87 253 296 916 516 43 141 554 884 537 
3014 2590 1251 1000 742 537 21 244 5 198 1040 673 418 301 1004 329 87 2214 1266 1199 253 296 936 916 516 1339 797 43 141 1332 554 884 
2590 1251 2214 1000 1040 1266 1339 742 244 673 1004 1199 936 797 1332 537 21 5 198 418 301 329 87 253 296 916 516 43 141 554 884 
537 742 21 1000 5 244 198 1251 418 673 301 1040 329 1004 87 2590 253 1199 296 1266 916 936 516 2214 43 797 141 1339 554 1332 884 
2590 2222 2214 1251 1040 1266 1339 1000 244 673 1004 1199 936 797 1332 742 21 5 198 418 301 329 87 253 296 916 516 43 141 554 884 537 
2590 2222 1251 1000 742 537 21 244 5 198 1040 673 418 301 1004 329 87 2214 1266 1199 253 296 936 916 516 1339 797 43 141 1332 554 884 
2222 1251 2214 1000 1040 1266 1339 742 244 673 1004 1199 936 797 1332 537 21 5 198 418 301 329 87 253 296 916 516 43 141 554 884 
537 21 742 5 198 244 1000 418 301 673 329 87 1004 1040 1251 253 296 1199 916 516 936 1266 43 141 797 554 884 1332 1339 2214 2222 
1339 1251 1332 1000 1040 1266 884 742 244 673 1004 1199 936 797 554 537 21 5 198 418 301 329 87 253 296 916 516 43 141 
1339 1251 1000 742 537 21 244 5 198 1040 673 418 301 1004 329 87 1332 1266 1199 253 296 936 916 516 884 797 43 141 554 
1332 1251 1266 1000 1040 1199 884 742 244 673 1004 296 936 797 554 537 21 5 198 418 301 329 87 253 141 916 516 43 
537 21 742 5 198 244 1000 418 301 673 329 87 1004 1040 1251 253 141 296 916 516 936 1199 43 797 554 884 1266 1332 
2222 1251 1266 1000 1040 936 1199 742 244 673 1004 296 916 884 554 537 21 5 198 418 301 329 87 253 141 43 516 797 
2222 1251 1266 1000 1040 936 1199 742 244 673 1004 296 916 1080 554 537 21 5 198 418 301 329 87 253 141 43 516 797 884 
2222 1251 1266 1000 1040 936 1199 742 244 673 1004 296 916 1080 554 537 21 5 198 418 301 329 87 253 141 43 516 797 884 157 
2222 1251 1000 742 537 21 244 5 198 1040 673 418 301 1004 329 87 1266 936 296 253 141 916 43 516 1199 1080 797 884 554 157 
1266 1251 1199 1000 1040 936 1080 742 244 673 1004 296 916 884 554 537 21 5 198 418 301 329 87 253 141 43 516 797 157 
1266 1251 1000 742 537 21 244 5 198 1040 673 418 301 1004 329 87 1199 936 296 253 141 916 43 516 1080 884 797 157 554 
1080 1040 936 1000 1004 916 884 742 244 673 329 296 516 797 554 537 21 5 198 418 301 157 87 253 141 43 
537 21 742 5 198 244 1000 418 301 673 157 87 329 1004 1040 253 141 296 43 516 916 797 554 884 936 1080 
1040 1004 936 1000 673 916 884 742 244 418 329 296 516 797 554 537 21 5 198 43 301 157 87 253 141 243 
537 742 21 1000 5 244 198 1004 43 418 301 673 157 329 87 1040 253 296 141 916 243 516 936 797 884 554 
1040 1004 936 1000 673 916 884 742 244 418 329 296 516 797 554 537 21 5 198 43 301 157 87 253 141 243 86 
537 742 21 1000 5 244 198 1004 43 418 301 673 157 329 87 1040 253 296 141 916 243 516 86 936 797 884 554 
1971 1004 1040 1000 673 916 936 742 244 418 329 296 516 884 554 537 21 5 198 43 301 157 87 253 141 243 86 797 
537 742 21 1000 5 244 198 1004 43 418 301 673 157 329 87 1971 253 296 141 916 243 516 86 1040 797 884 936 554 
3936 1004 3689 1000 673 916 3214 742 244 418 329 296 516 936 1971 537 21 5 198 43 301 157 87 253 141 243 86 797 884 554 1040 
537 742 21 1000 5 244 198 1004 43 418 301 673 157 329 87 3936 253 296 141 916 243 516 86 3689 797 936 884 3214 554 1971 1040 
3936 1004 3689 1000 673 916 3214 742 244 418 329 296 516 936 1971 570 21 5 198 43 301 157 87 253 141 243 86 797 884 554 1040 537 
537 570 21 742 5 198 244 1000 43 301 418 157 87 329 673 1004 253 141 296 243 86 516 916 797 884 936 554 1040 1971 3214 3689 3936 
3689 1004 3214 1000 673 916 1971 742 244 418 329 296 516 936 1040 683 21 5 198 43 301 157 87 253 141 243 86 797 884 554 537 570 
3689 1004 1000 742 683 570 21 244 5 198 673 418 43 301 329 157 87 3214 916 296 253 141 516 243 86 1971 936 797 884 1040 554 537 
3214 1004 1971 1000 673 916 1040 742 244 418 329 296 516 936 570 683 21 5 198 43 301 157 87 253 141 243 86 797 884 554 537 
1889 1004 1040 1000 673 916 936 742 244 418 329 296 516 884 570 537 21 5 198 43 301 157 87 253 141 243 86 797 683 554 
1889 1004 1000 742 537 21 244 5 198 673 418 43 301 329 157 87 1040 916 296 253 141 516 243 86 936 884 797 683 570 554 
1889 1004 1040 1000 673 916 936 742 244 418 329 296 516 797 884 537 21 5 198 43 301 157 87 253 141 243 86 554 683 570 
1004 1000 936 742 673 916 884 537 244 418 329 296 516 797 570 204 21 5 198 43 301 157 87 253 141 243 86 554 683 
1004 1000 742 537 204 21 244 5 198 673 418 43 301 329 157 87 936 916 296 253 141 516 243 86 884 797 554 683 570 
916 742 884 683 673 554 797 537 244 418 329 296 516 86 570 204 21 5 198 43 301 157 87 253 141 243 
204 21 537 5 198 244 683 43 301 418 157 87 329 673 742 253 141 296 243 516 554 86 570 797 884 916 
3634 742 884 683 673 797 570 537 244 418 329 296 554 86 243 204 21 5 198 43 301 157 87 253 141 516 
3634 742 3150 683 673 884 570 537 244 418 329 296 797 86 243 204 21 5 198 43 301 157 87 253 141 516 554 
3634 742 3150 683 673 884 1642 537 244 418 329 296 797 570 243 204 21 5 198 43 301 157 87 253 141 516 554 86 
3634 742 683 537 204 21 244 5 198 673 418 43 301 329 157 87 3150 884 296 253 141 797 516 554 1642 570 86 243 
3150 742 1642 683 673 884 570 537 244 418 329 296 797 86 243 204 21 5 198 43 301 157 87 253 141 516 554 
3150 742 1642 683 673 884 1473 537 244 418 329 296 797 570 243 204 21 5 198 43 301 157 87 253 141 516 554 86 
204 537 21 683 5 244 198 742 43 418 301 673 157 329 87 3150 253 296 141 884 516 797 554 1642 86 570 1473 243 
1176 742 797 683 673 570 243 537 244 418 329 296 554 183 86 204 21 5 198 43 301 157 87 253 141 516 
204 21 537 5 198 244 683 43 301 418 157 87 329 673 742 253 141 296 516 554 570 183 86 243 797 1176 
1176 742 797 683 673 570 243 537 244 418 329 296 554 183 86 204 21 5 198 43 301 157 87 253 141 516 
204 21 537 5 198 244 683 43 301 418 157 87 329 673 742 253 141 296 516 554 570 183 86 243 797 1176 
1176 742 797 683 673 570 243 537 244 418 329 296 554 183 86 204 21 5 198 43 301 157 87 253 141 516 
1176 742 683 537 204 21 244 5 198 673 418 43 301 329 157 87 797 570 296 253 141 554 516 243 183 86 
683 673 570 537 418 554 243 204 244 301 329 296 516 183 86 141 21 5 198 43 253 157 87 
683 673 537 204 141 21 244 5 198 418 301 43 253 329 157 87 570 554 296 516 243 183 86 
673 537 570 244 418 554 243 204 198 301 329 296 516 183 86 141 21 5 87 43 253 157 
141 204 21 244 5 198 87 537 43 301 253 418 157 329 673 296 554 516 570 183 243 86 
1176 673 570 244 537 554 243 204 198 301 418 296 516 183 86 141 21 5 87 43 253 157 329 
141 204 21 244 5 198 87 673 43 301 253 537 157 418 329 1176 296 554 516 570 183 243 86 
3311 673 1176 244 537 570 243 204 198 301 418 554 516 183 86 141 21 5 87 43 253 157 329 296 
3311 673 2939 244 537 1176 243 204 198 301 418 570 516 183 86 141 21 5 87 43 253 157 329 296 554 
3311 673 244 204 141 21 198 5 87 537 301 43 253 418 157 329 2939 1176 570 296 554 516 243 183 86 
2939 673 1176 244 537 570 243 204 198 301 418 554 516 183 86 141 21 5 87 43 253 157 329 296 
141 204 21 244 5 198 87 673 43 301 253 537 157 418 329 2939 296 554 570 516 1176 183 243 86 
1176 673 570 244 537 554 243 204 198 301 418 296 516 183 86 141 21 5 87 43 253 157 329 
141 204 21 244 5 198 87 673 43 301 253 537 157 418 329 1176 296 554 516 570 183 243 86 
3968 673 1760 244 537 1629 243 204 198 301 418 570 1176 183 86 141 21 5 87 43 253 157 329 296 554 516 
3968 673 244 204 141 21 198 5 87 537 301 43 253 418 157 329 1760 1629 570 296 554 1176 516 243 183 86 
1760 673 1629 244 537 1176 243 204 198 301 418 570 516 183 86 141 21 5 87 43 253 157 329 296 554 
1760 673 244 204 141 21 198 5 87 537 301 43 253 418 157 329 1629 1176 570 296 554 516 243 183 86 
1629 673 1176 244 537 570 243 204 198 301 418 554 516 183 86 141 21 5 87 43 253 157 329 296 
3935 673 1629 244 537 1176 243 204 198 301 418 570 516 183 86 141 21 5 87 43 253 157 329 296 554 
141 204 21 244 5 198 87 673 43 301 253 537 157 418 329 3935 296 570 554 1176 516 1629 183 243 86 
3935 673 3532 244 537 1629 243 204 198 301 418 570 1176 183 86 141 21 5 87 43 253 157 329 296 554 516 
141 21 204 5 87 198 244 43 253 301 157 329 418 537 673 296 554 570 516 1176 1629 183 86 243 3532 3935 
4008 673 3532 244 537 1629 243 204 198 301 418 570 1176 183 86 141 21 5 87 43 253 157 329 296 554 516 938 
4008 673 244 204 141 21 198 5 87 537 301 43 253 418 157 329 3532 1629 570 296 554 1176 516 938 243 183 86 
1176 673 938 244 537 570 243 204 198 301 418 554 516 183 86 141 21 5 87 43 253 157 329 296 
1176 673 244 204 141 21 198 5 87 537 301 43 253 418 157 329 938 570 554 296 516 243 183 86 
938 673 570 244 537 554 243 204 198 301 418 296 516 183 86 141 21 5 87 43 253 157 329 
141 21 204 5 87 198 244 43 253 301 157 329 418 537 673 296 516 554 183 86 243 570 938 
938 673 570 244 537 554 243 204 198 301 418 296 516 183 86 141 21 5 87 43 253 157 329 
141 204 21 244 5 198 87 673 43 301 253 537 157 418 329 938 296 554 516 570 183 243 86 
938 673 865 244 537 570 243 204 198 301 418 554 516 183 86 141 21 5 87 43 253 157 329 296 
2944 673 938 244 537 865 243 204 198 301 418 570 516 183 86 141 21 5 87 43 253 157 329 296 554 
141 204 21 244 5 198 87 673 43 301 253 537 157 418 329 2944 296 570 554 865 516 938 183 243 86 
2944 673 2542 244 537 938 243 204 198 301 418 570 865 183 86 141 21 5 87 43 253 157 329 296 554 516 310 
141 21 204 5 87 198 244 43 253 301 157 329 418 537 673 296 554 570 516 310 865 938 183 86 243 2542 2944 
4198 673 2542 244 537 938 243 204 198 301 418 570 865 183 86 141 21 5 87 43 253 157 329 296 554 310 516 
141 204 21 244 5 198 87 673 43 301 253 537 157 418 329 4198 296 570 554 938 310 865 516 2542 183 243 86 
4198 673 2542 244 537 938 1213 204 198 301 418 570 865 243 86 141 21 5 87 43 253 157 329 296 554 310 516 183 
141 204 21 244 5 198 87 673 43 301 253 537 157 418 329 4198 296 570 554 938 310 865 516 2542 183 243 1213 86 
1213 673 1140 244 537 938 413 204 198 301 418 570 865 243 86 141 21 5 87 43 253 157 329 296 554 310 516 183 
1213 673 244 204 141 21 198 5 87 537 301 43 253 418 157 329 1140 938 570 296 554 865 310 516 413 243 183 86 
1140 673 938 244 537 865 413 204 198 301 418 570 516 243 86 141 21 5 87 43 253 157 329 296 554 310 183 
141 204 21 244 5 198 87 673 43 301 253 537 157 418 329 1140 296 570 554 865 310 516 183 938 243 413 86 
1759 673 1140 244 537 865 938 204 198 301 418 570 516 413 86 141 21 5 87 43 253 157 329 296 554 310 183 243 
1140 673 938 244 537 865 413 204 198 301 418 570 516 243 86 141 21 5 87 43 253 157 329 296 554 310 183 
141 21 204 5 87 198 244 43 253 301 157 329 418 537 673 296 554 570 310 183 516 865 243 86 413 938 1140 
3589 673 938 244 537 865 413 204 198 301 418 554 570 243 86 141 21 5 87 43 253 157 329 296 183 310 516 
141 21 204 5 87 198 244 43 253 301 157 329 418 537 673 296 183 554 310 516 570 865 243 86 413 938 3589 
3589 673 938 244 537 865 413 204 198 301 418 554 570 243 86 141 21 5 87 43 253 157 329 296 183 310 516 
3589 673 244 204 141 21 198 5 87 537 301 43 253 418 157 329 938 865 554 296 183 570 310 516 413 243 86 
938 673 865 244 537 570 413 204 198 301 418 554 516 243 86 141 21 5 87 43 253 157 329 296 183 310 
141 21 204 5 87 198 244 43 253 301 157 329 418 537 673 296 183 554 310 516 570 243 86 413 865 938 
673 537 570 244 418 554 413 204 198 301 329 310 516 243 86 141 21 5 87 43 253 157 183 296 
2241 537 673 244 418 570 413 204 198 301 329 554 516 243 86 141 21 5 87 43 253 157 183 296 310 
2241 537 244 204 141 21 198 5 87 418 301 43 253 329 157 183 673 570 554 296 310 516 413 243 86 
2241 554 516 244 537 310 413 204 198 301 418 183 296 243 86 141 21 5 87 43 253 157 329 
2241 554 244 204 141 21 198 5 87 537 301 43 253 418 157 329 516 310 183 296 413 243 86 
413 329 310 244 301 296 253 204 198 43 157 183 87 243 86 141 21 5 
141 21 204 5 198 244 43 157 301 329 183 87 296 243 86 253 310 413 
2241 413 310 329 301 296 253 204 244 43 157 183 87 243 86 141 21 5 198 
1754 413 310 329 301 296 253 204 244 43 157 183 87 243 86 141 21 5 198 
141 204 21 329 5 244 198 413 43 301 157 1754 183 296 87 310 243 253 86 
3425 1754 310 329 413 296 253 204 244 341 157 183 87 243 86 141 21 5 198 43 301 
141 204 21 329 5 244 198 1754 43 341 301 413 157 3425 183 296 87 310 243 253 86 
3425 1903 310 329 1754 296 253 204 244 341 413 183 87 243 86 141 21 5 198 43 301 157 
141 204 21 329 5 244 198 1903 43 341 301 1754 157 413 3425 183 296 87 310 243 253 86 
3425 2156 310 329 1903 296 253 204 244 341 1754 183 87 243 86 141 21 5 198 43 301 157 413 
141 204 21 329 5 244 198 2156 43 341 301 1903 157 1754 413 3425 183 296 87 310 243 253 86 
3425 2156 310 329 1903 296 253 204 244 341 1754 183 87 243 86 141 21 5 198 43 301 157 413 106 
3425 2156 329 204 141 21 244 5 198 1903 341 43 301 1754 157 413 310 296 183 106 87 253 243 86 
1754 413 310 329 341 296 253 204 244 301 157 183 87 243 86 141 21 5 198 43 106 
1754 413 329 204 141 21 244 5 198 341 301 43 106 157 310 296 183 87 253 243 86 
2814 413 310 329 341 296 253 204 244 301 157 183 87 243 86 141 21 5 198 43 106 
2814 413 329 204 141 21 244 5 198 341 301 43 106 157 310 296 183 87 253 243 86 
413 341 310 329 301 296 253 204 244 106 157 183 87 243 86 141 21 5 198 43 
413 341 329 204 141 21 244 5 198 301 106 43 157 310 296 183 87 253 243 86 
341 329 310 244 301 296 253 204 198 106 157 183 87 243 86 141 21 5 43 
341 329 244 204 141 21 198 5 43 301 106 157 310 296 183 87 253 243 86 
2814 329 310 301 157 296 253 204 244 106 43 183 87 243 86 141 21 5 198 
2814 329 301 204 141 21 244 5 198 157 106 43 310 296 183 87 253 243 86 
329 301 310 244 157 296 253 204 198 106 43 183 87 243 86 141 21 5 
141 204 21 244 5 198 301 106 157 43 329 183 296 87 310 243 253 86 
2814 329 310 301 157 296 253 204 244 106 43 183 87 243 86 141 21 5 198 
2814 1776 310 301 1473 296 253 204 244 329 43 183 87 243 86 141 21 5 198 106 157 
1776 1473 310 301 329 296 253 204 244 157 43 183 87 243 86 141 21 5 198 106 
2021 1776 310 301 1473 296 253 204 244 329 43 183 87 243 86 141 21 5 198 106 157 
141 204 21 301 5 244 198 1776 106 329 157 1473 43 2021 183 296 87 310 243 253 86 
4096 2021 310 301 1776 296 253 204 244 329 1473 183 87 243 86 141 21 5 198 106 157 43 
141 21 204 5 198 244 301 106 157 329 43 1473 1776 2021 183 87 296 243 86 253 310 4096 
4096 2021 310 301 1776 296 253 204 244 329 1473 183 87 243 86 141 21 5 198 106 157 43 
141 21 204 5 198 244 301 106 157 329 43 1473 1776 2021 183 87 296 243 86 253 310 4096 
4138 2394 4096 301 2021 310 253 204 244 329 1776 296 87 243 86 141 21 5 198 106 157 43 1473 183 
4138 2394 4096 301 2021 3623 253 204 244 329 1776 310 87 243 86 141 21 5 198 106 157 43 1473 183 296 
141 21 204 5 198 244 301 106 157 329 43 1473 1776 2021 2394 183 296 310 87 3623 243 86 253 4096 4138 
2394 2021 641 301 1776 310 253 204 244 329 1473 296 87 243 86 141 21 5 198 106 157 43 183 
141 204 21 301 5 244 198 2021 106 329 157 1776 43 1473 183 2394 296 310 87 641 243 253 86 
2394 2021 650 301 1776 641 253 204 244 329 1473 310 87 243 86 141 21 5 198 106 157 43 183 296 
141 21 204 5 198 244 301 106 157 329 43 183 1473 1776 2021 296 310 87 641 243 86 253 650 2394 
2317 1776 2021 301 1473 650 253 204 244 329 296 641 87 243 86 141 21 5 198 106 157 43 183 310 
141 21 204 5 198 244 301 106 157 329 43 183 296 1473 1776 310 641 87 650 243 86 253 2021 2317 
2317 1776 2021 301 1473 650 253 204 244 329 296 641 87 243 86 141 21 5 198 106 157 43 183 310 
2317 1776 301 204 141 21 244 5 198 1473 329 106 157 296 43 183 2021 650 641 310 87 253 243 86 
3297 2317 650 301 1473 641 253 204 244 183 329 310 87 243 86 141 21 5 198 106 157 43 296 
141 204 21 301 5 244 198 2317 106 183 157 1473 43 329 296 3297 310 641 87 650 243 253 86 
3297 2317 2504 301 1473 650 253 204 244 183 329 641 87 243 86 141 21 5 198 106 157 43 296 310 
3297 2317 2504 301 1473 1380 253 204 244 183 329 650 87 243 86 141 21 5 198 106 157 43 296 310 641 
141 21 204 5 198 244 301 106 157 183 43 296 329 1473 2317 310 641 650 87 1380 243 86 253 2504 3297 
4195 2317 2504 301 1473 1380 253 204 244 183 329 650 87 243 86 141 21 5 198 106 157 43 296 310 641 
141 204 21 301 5 244 198 2317 106 183 157 1473 43 329 296 4195 310 650 641 1380 87 2504 243 253 86 
4195 2317 2504 301 1473 1694 253 204 244 183 329 650 1559 243 86 141 21 5 198 106 157 43 296 310 641 87 1380 
4195 2317 301 204 141 21 244 5 198 1473 183 106 157 329 43 296 2504 1694 650 310 641 1559 87 1380 253 243 86 
2504 2317 1694 301 1473 1559 253 204 244 183 329 650 1380 243 86 141 21 5 198 106 157 43 296 310 641 87 
2504 2317 301 204 141 21 244 5 198 1473 183 106 157 329 43 296 1694 1559 650 310 641 1380 87 253 243 86 
2666 1473 2317 301 329 1694 253 204 244 183 296 650 1559 243 86 141 21 5 198 106 157 43 87 310 641 1380 
2666 1473 301 204 141 21 244 5 198 329 183 106 157 296 43 87 2317 1694 650 310 641 1559 1380 253 243 86 
2317 1473 1694 301 329 1559 253 204 244 183 296 650 1380 243 86 141 21 5 198 106 157 43 87 310 641 
141 21 204 5 198 244 301 106 157 183 43 87 296 329 1473 310 641 650 1380 1559 243 86 253 1694 2317 
2666 1473 1694 301 329 1559 253 204 244 183 296 1380 641 243 86 141 21 5 198 106 157 43 87 310 650 
2666 1473 301 204 141 21 244 5 198 329 183 106 157 296 43 87 1694 1559 1380 310 650 641 253 243 86 
650 329 641 301 296 310 253 204 244 183 87 157 43 243 86 141 21 5 198 106 
141 21 204 5 198 244 301 106 183 87 296 329 157 43 310 243 86 253 641 650 
2666 650 641 301 329 310 253 204 244 296 87 157 43 243 86 141 21 5 198 106 183 
141 21 204 5 198 244 301 106 183 296 87 329 650 157 43 310 243 86 253 641 2666 
2666 650 641 301 329 310 253 204 244 296 87 157 43 243 86 141 21 5 198 106 183 
141 21 204 5 198 244 301 106 183 296 87 329 650 157 43 310 243 86 253 641 2666 
2666 650 641 301 329 310 253 204 244 296 87 157 43 243 86 141 21 5 198 106 183 
141 21 204 5 198 244 301 106 183 296 87 329 650 157 43 310 243 86 253 641 2666 
2666 650 641 301 329 310 253 204 244 296 87 157 43 243 86 141 21 5 198 106 183 
141 204 21 301 5 244 198 650 106 296 183 329 87 2666 157 310 43 641 243 253 86 
2666 650 641 301 380 310 253 204 244 296 329 157 43 243 86 141 21 5 198 106 183 87 
2666 650 301 204 141 21 244 5 198 380 296 106 183 329 87 641 310 157 43 253 243 86 
650 380 641 301 329 310 253 204 244 296 87 157 43 243 86 141 21 5 198 106 183 
141 21 204 5 198 244 301 106 183 296 87 329 380 157 43 310 243 86 253 641 650 
2262 641 310 301 380 183 253 204 244 329 87 157 43 243 86 141 21 5 198 106 296 
2262 641 301 204 141 21 244 5 198 380 329 106 296 87 310 183 157 43 253 243 86 
641 380 310 301 329 183 253 204 244 296 87 157 43 243 86 141 21 5 198 106 
141 21 204 5 198 244 301 106 296 87 329 380 157 43 183 243 86 253 310 641 
310 301 253 244 296 183 243 204 198 106 87 157 43 5 86 141 21 
2262 310 253 301 296 183 243 204 244 106 87 157 43 5 86 141 21 198 
141 21 204 198 244 301 106 87 296 310 157 43 183 5 86 243 253 2262 
296 244 253 204 106 183 243 141 198 21 87 157 43 5 86 
2737 1862 253 296 106 183 243 244 198 21 87 157 43 5 86 141 204 
141 204 244 198 296 21 87 106 1862 157 43 183 5 86 243 253 2737 
2737 1862 253 540 106 183 243 244 296 21 87 157 43 5 86 141 204 198 
2737 1862 540 244 141 204 296 198 106 21 87 253 183 157 43 243 5 86 
1862 540 253 296 106 183 243 244 198 21 87 157 43 5 86 141 204 
1862 540 296 244 141 204 198 106 21 87 253 183 157 43 243 5 86 
540 296 253 244 106 183 243 204 198 21 87 157 43 5 86 141 
141 204 198 244 21 87 106 296 157 43 183 5 86 243 253 540 
1488 540 253 296 106 183 243 244 198 21 87 157 43 5 86 141 204 
141 244 204 296 198 540 21 106 87 1488 157 183 43 253 5 243 86 
3568 1488 253 540 106 183 243 244 296 21 87 157 43 5 86 141 204 198 
3568 2679 253 1488 106 183 243 244 540 21 87 157 43 5 86 141 204 198 296 
141 244 204 1488 198 540 296 2679 21 106 87 3568 157 183 43 253 5 243 86 
3781 3568 253 1488 2679 183 243 244 540 106 87 157 43 5 86 141 204 198 296 21 
141 244 204 1488 198 540 296 3568 21 106 2679 87 3781 157 183 43 253 5 243 86 
3781 3568 253 1488 2679 183 243 244 540 1899 376 157 43 5 86 141 204 198 296 21 106 87 
141 244 204 1488 198 540 296 3568 21 1899 106 2679 87 376 3781 157 183 43 253 5 243 86 
3781 3568 253 1488 2679 183 243 244 540 1899 571 157 43 5 86 141 204 198 296 21 106 87 376 
3781 3568 1488 244 141 204 540 198 296 2679 1899 21 106 571 87 376 253 183 157 43 243 5 86 
3568 2679 253 1488 1899 183 243 244 540 376 765 157 43 5 86 141 204 198 296 21 106 87 571 
141 244 204 1488 198 540 296 2679 21 376 106 1899 87 765 571 3568 157 183 43 253 5 243 86 
3568 2679 737 1488 1899 253 243 244 540 376 765 183 43 5 86 141 204 198 296 21 106 87 571 157 
3568 2679 3106 1488 1899 737 243 244 540 376 765 253 43 5 86 141 204 198 296 21 106 87 571 157 183 
141 244 204 1488 198 540 296 2679 21 376 106 1899 87 765 571 3568 157 253 183 737 43 3106 5 243 86 
2679 1899 737 1488 765 478 243 244 540 376 571 253 43 5 86 141 204 198 296 21 106 87 183 157 
2679 1899 1488 244 141 204 540 198 296 765 376 21 106 571 87 183 737 478 253 157 43 243 5 86 
1899 1488 737 540 765 478 243 244 296 376 571 253 43 5 86 141 204 198 157 21 106 87 183 
141 204 244 198 157 296 540 21 106 376 87 183 571 765 1488 253 43 478 5 86 243 737 1899 
3077 1488 737 540 765 478 243 244 296 376 571 253 43 5 86 141 204 198 157 21 106 87 183 
3077 1488 540 244 141 204 296 198 157 765 376 21 106 571 87 183 737 478 253 43 243 5 86 
1488 765 737 540 571 478 243 244 296 376 183 253 43 5 86 141 204 198 157 21 106 87 
141 244 204 540 198 296 157 765 21 376 106 571 87 183 1488 253 478 43 737 5 243 86 
3077 1488 737 540 765 478 243 244 296 376 571 253 43 5 86 141 204 198 157 21 106 87 183 
3077 1488 540 244 141 204 296 198 157 765 376 21 106 571 87 183 737 478 253 43 243 5 86 
1488 765 737 540 571 478 243 244 296 376 183 253 43 5 86 141 204 198 157 21 106 87 
3077 1488 737 540 765 478 243 244 296 376 571 253 43 5 86 141 204 198 157 21 106 87 183 
3077 1488 1737 540 765 737 243 244 296 376 571 478 43 5 86 141 204 198 157 21 106 87 183 253 
141 204 244 198 157 296 540 21 106 376 87 183 571 765 1488 253 478 43 737 5 86 243 1737 3077 
1737 1488 1173 540 765 737 243 244 296 376 571 478 43 5 86 141 204 198 157 21 106 87 183 253 
141 244 204 540 198 296 157 1488 21 376 106 765 87 571 183 1737 253 478 737 43 1173 5 243 86 
2240 1488 1737 540 765 1173 243 244 296 376 571 737 43 5 86 141 204 198 157 21 106 87 183 253 478 
141 204 244 198 157 296 540 21 106 376 87 183 571 765 1488 253 478 737 43 1173 5 86 243 1737 2240 
1488 765 1173 540 571 737 243 244 296 376 253 478 43 5 86 141 204 198 157 21 106 87 183 
141 244 204 540 198 296 157 765 21 376 106 571 87 253 183 1488 478 737 43 1173 5 243 86 
2240 765 1488 540 571 1173 243 244 296 376 253 737 43 5 86 141 204 198 157 21 106 87 183 478 
141 244 204 540 198 296 157 765 21 376 106 571 87 253 183 2240 478 737 1173 43 1488 5 243 86 
1488 765 1173 540 571 737 243 244 296 376 253 478 43 5 86 141 204 198 157 21 106 87 183 
3093 765 1488 540 571 1173 243 244 296 376 253 1012 43 5 86 141 204 198 157 21 106 87 183 478 737 
141 244 204 540 198 296 157 765 21 376 106 571 87 253 183 3093 478 1012 737 1173 43 1488 5 243 86 
