87 63 30 5 11 8 
5 63 11 87 8 30 
87 63 50 5 11 8 30 
87 63 5 11 50 8 30 
93 87 50 63 11 8 30 5 
5 63 87 11 93 8 50 30 
87 63 50 59 11 8 30 5 
5 59 11 63 8 30 50 87 
87 63 50 59 11 8 30 5 34 
87 63 30 5 11 8 
5 63 11 87 8 30 
87 63 50 5 11 8 30 
87 63 5 11 50 8 30 
93 87 50 63 11 8 30 5 
5 63 87 11 93 8 50 30 
87 63 50 59 11 8 30 5 
5 59 11 63 8 30 50 87 
87 63 50 59 11 8 30 5 34 
87 63 30 5 11 8 
5 63 11 87 8 30 
87 63 50 5 11 8 30 
87 63 5 11 50 8 30 
93 87 50 63 11 8 30 5 
5 63 87 11 93 8 50 30 
87 63 50 59 11 8 30 5 
5 59 11 63 8 30 50 87 
87 63 50 59 11 8 30 5 34 
